{"D:\\myProjects\\learningEnglishWordsApp\\src\\components\\index.js": {"path":"D:\\myProjects\\learningEnglishWordsApp\\src\\components\\index.js","statementMap":{},"fnMap":{},"branchMap":{},"s":{},"f":{},"b":{},"_coverageSchema":"43e27e138ebf9cfc5966b082cf9a028302ed4184","hash":"cd16def9ca735afa0389efd05cf43a8341cc8d9d"}
,"D:\\myProjects\\learningEnglishWordsApp\\src\\components\\Icon\\Icon.js": {"path":"D:\\myProjects\\learningEnglishWordsApp\\src\\components\\Icon\\Icon.js","statementMap":{"0":{"start":{"line":4,"column":13},"end":{"line":8,"column":1}},"1":{"start":{"line":5,"column":24},"end":{"line":5,"column":29}},"2":{"start":{"line":7,"column":2},"end":{"line":7,"column":78}}},"fnMap":{"0":{"name":"(anonymous_0)","decl":{"start":{"line":4,"column":13},"end":{"line":4,"column":14}},"loc":{"start":{"line":4,"column":65},"end":{"line":8,"column":1}},"line":4}},"branchMap":{"0":{"loc":{"start":{"line":4,"column":22},"end":{"line":4,"column":31}},"type":"default-arg","locations":[{"start":{"line":4,"column":29},"end":{"line":4,"column":31}}],"line":4},"1":{"loc":{"start":{"line":4,"column":33},"end":{"line":4,"column":50}},"type":"default-arg","locations":[{"start":{"line":4,"column":41},"end":{"line":4,"column":50}}],"line":4}},"s":{"0":1,"1":0,"2":0},"f":{"0":0},"b":{"0":[0],"1":[0]},"_coverageSchema":"43e27e138ebf9cfc5966b082cf9a028302ed4184","hash":"ccdbed729e65db8cda41d8f8687e280c5b7e1b1d"}
,"D:\\myProjects\\learningEnglishWordsApp\\src\\components\\Input\\Input.js": {"path":"D:\\myProjects\\learningEnglishWordsApp\\src\\components\\Input\\Input.js","statementMap":{"0":{"start":{"line":5,"column":10},"end":{"line":7,"column":3}},"1":{"start":{"line":9,"column":24},"end":{"line":17,"column":3}},"2":{"start":{"line":10,"column":32},"end":{"line":10,"column":42}},"3":{"start":{"line":11,"column":22},"end":{"line":11,"column":32}},"4":{"start":{"line":13,"column":4},"end":{"line":16,"column":5}},"5":{"start":{"line":14,"column":6},"end":{"line":14,"column":52}},"6":{"start":{"line":15,"column":6},"end":{"line":15,"column":34}},"7":{"start":{"line":19,"column":21},"end":{"line":21,"column":3}},"8":{"start":{"line":20,"column":4},"end":{"line":20,"column":28}},"9":{"start":{"line":23,"column":23},"end":{"line":29,"column":3}},"10":{"start":{"line":24,"column":24},"end":{"line":24,"column":34}},"11":{"start":{"line":26,"column":4},"end":{"line":28,"column":5}},"12":{"start":{"line":27,"column":6},"end":{"line":27,"column":32}},"13":{"start":{"line":32,"column":36},"end":{"line":32,"column":46}},"14":{"start":{"line":33,"column":22},"end":{"line":33,"column":32}},"15":{"start":{"line":35,"column":4},"end":{"line":48,"column":5}}},"fnMap":{"0":{"name":"(anonymous_0)","decl":{"start":{"line":9,"column":24},"end":{"line":9,"column":25}},"loc":{"start":{"line":9,"column":30},"end":{"line":17,"column":3}},"line":9},"1":{"name":"(anonymous_1)","decl":{"start":{"line":19,"column":21},"end":{"line":19,"column":22}},"loc":{"start":{"line":19,"column":31},"end":{"line":21,"column":3}},"line":19},"2":{"name":"(anonymous_2)","decl":{"start":{"line":23,"column":23},"end":{"line":23,"column":24}},"loc":{"start":{"line":23,"column":29},"end":{"line":29,"column":3}},"line":23},"3":{"name":"(anonymous_3)","decl":{"start":{"line":31,"column":2},"end":{"line":31,"column":3}},"loc":{"start":{"line":31,"column":11},"end":{"line":49,"column":3}},"line":31}},"branchMap":{"0":{"loc":{"start":{"line":13,"column":4},"end":{"line":16,"column":5}},"type":"if","locations":[{"start":{"line":13,"column":4},"end":{"line":16,"column":5}},{"start":{"line":13,"column":4},"end":{"line":16,"column":5}}],"line":13},"1":{"loc":{"start":{"line":26,"column":4},"end":{"line":28,"column":5}},"type":"if","locations":[{"start":{"line":26,"column":4},"end":{"line":28,"column":5}},{"start":{"line":26,"column":4},"end":{"line":28,"column":5}}],"line":26}},"s":{"0":0,"1":0,"2":0,"3":0,"4":0,"5":0,"6":0,"7":0,"8":0,"9":0,"10":0,"11":0,"12":0,"13":0,"14":0,"15":0},"f":{"0":0,"1":0,"2":0,"3":0},"b":{"0":[0,0],"1":[0,0]},"_coverageSchema":"43e27e138ebf9cfc5966b082cf9a028302ed4184","hash":"98639b437cf2cfc9aa8dd9825691917809d36720"}
,"D:\\myProjects\\learningEnglishWordsApp\\src\\components\\NavigationChecker\\NavigationChecker.js": {"path":"D:\\myProjects\\learningEnglishWordsApp\\src\\components\\NavigationChecker\\NavigationChecker.js","statementMap":{"0":{"start":{"line":5,"column":33},"end":{"line":34,"column":1}},"1":{"start":{"line":5,"column":53},"end":{"line":34,"column":1}},"2":{"start":{"line":7,"column":4},"end":{"line":7,"column":16}},"3":{"start":{"line":8,"column":4},"end":{"line":8,"column":43}},"4":{"start":{"line":10,"column":4},"end":{"line":12,"column":5}},"5":{"start":{"line":15,"column":25},"end":{"line":17,"column":5}},"6":{"start":{"line":16,"column":6},"end":{"line":16,"column":40}},"7":{"start":{"line":19,"column":19},"end":{"line":27,"column":5}},"8":{"start":{"line":20,"column":28},"end":{"line":20,"column":38}},"9":{"start":{"line":22,"column":6},"end":{"line":26,"column":7}},"10":{"start":{"line":23,"column":8},"end":{"line":23,"column":43}},"11":{"start":{"line":25,"column":8},"end":{"line":25,"column":50}},"12":{"start":{"line":30,"column":6},"end":{"line":32,"column":7}}},"fnMap":{"0":{"name":"(anonymous_0)","decl":{"start":{"line":5,"column":33},"end":{"line":5,"column":34}},"loc":{"start":{"line":5,"column":53},"end":{"line":34,"column":1}},"line":5},"1":{"name":"(anonymous_1)","decl":{"start":{"line":6,"column":2},"end":{"line":6,"column":3}},"loc":{"start":{"line":6,"column":21},"end":{"line":13,"column":3}},"line":6},"2":{"name":"(anonymous_2)","decl":{"start":{"line":15,"column":25},"end":{"line":15,"column":26}},"loc":{"start":{"line":15,"column":31},"end":{"line":17,"column":5}},"line":15},"3":{"name":"(anonymous_3)","decl":{"start":{"line":19,"column":19},"end":{"line":19,"column":20}},"loc":{"start":{"line":19,"column":48},"end":{"line":27,"column":5}},"line":19},"4":{"name":"(anonymous_4)","decl":{"start":{"line":29,"column":4},"end":{"line":29,"column":5}},"loc":{"start":{"line":29,"column":13},"end":{"line":33,"column":5}},"line":29}},"branchMap":{"0":{"loc":{"start":{"line":22,"column":6},"end":{"line":26,"column":7}},"type":"if","locations":[{"start":{"line":22,"column":6},"end":{"line":26,"column":7}},{"start":{"line":22,"column":6},"end":{"line":26,"column":7}}],"line":22}},"s":{"0":1,"1":0,"2":0,"3":0,"4":0,"5":0,"6":0,"7":0,"8":0,"9":0,"10":0,"11":0,"12":0},"f":{"0":0,"1":0,"2":0,"3":0,"4":0},"b":{"0":[0,0]},"_coverageSchema":"43e27e138ebf9cfc5966b082cf9a028302ed4184","hash":"f57fe9d6ae1043993d2cf541f4878c2a5dcafd59"}
,"D:\\myProjects\\learningEnglishWordsApp\\src\\components\\NewTagPopup\\NewTagPopup.js": {"path":"D:\\myProjects\\learningEnglishWordsApp\\src\\components\\NewTagPopup\\NewTagPopup.js","statementMap":{"0":{"start":{"line":8,"column":4},"end":{"line":8,"column":16}},"1":{"start":{"line":9,"column":22},"end":{"line":9,"column":32}},"2":{"start":{"line":11,"column":4},"end":{"line":11,"column":46}},"3":{"start":{"line":14,"column":21},"end":{"line":19,"column":3}},"4":{"start":{"line":15,"column":26},"end":{"line":15,"column":36}},"5":{"start":{"line":17,"column":24},"end":{"line":17,"column":77}},"6":{"start":{"line":18,"column":4},"end":{"line":18,"column":41}},"7":{"start":{"line":21,"column":14},"end":{"line":33,"column":3}},"8":{"start":{"line":22,"column":35},"end":{"line":22,"column":45}},"9":{"start":{"line":23,"column":36},"end":{"line":23,"column":46}},"10":{"start":{"line":25,"column":28},"end":{"line":25,"column":58}},"11":{"start":{"line":27,"column":4},"end":{"line":32,"column":5}},"12":{"start":{"line":28,"column":6},"end":{"line":28,"column":29}},"13":{"start":{"line":29,"column":6},"end":{"line":29,"column":20}},"14":{"start":{"line":30,"column":11},"end":{"line":32,"column":5}},"15":{"start":{"line":31,"column":6},"end":{"line":31,"column":34}},"16":{"start":{"line":36,"column":35},"end":{"line":36,"column":45}},"17":{"start":{"line":37,"column":28},"end":{"line":37,"column":38}},"18":{"start":{"line":39,"column":4},"end":{"line":66,"column":5}}},"fnMap":{"0":{"name":"(anonymous_0)","decl":{"start":{"line":7,"column":2},"end":{"line":7,"column":3}},"loc":{"start":{"line":7,"column":21},"end":{"line":12,"column":3}},"line":7},"1":{"name":"(anonymous_1)","decl":{"start":{"line":14,"column":21},"end":{"line":14,"column":22}},"loc":{"start":{"line":14,"column":31},"end":{"line":19,"column":3}},"line":14},"2":{"name":"(anonymous_2)","decl":{"start":{"line":21,"column":14},"end":{"line":21,"column":15}},"loc":{"start":{"line":21,"column":20},"end":{"line":33,"column":3}},"line":21},"3":{"name":"(anonymous_3)","decl":{"start":{"line":35,"column":2},"end":{"line":35,"column":3}},"loc":{"start":{"line":35,"column":11},"end":{"line":67,"column":3}},"line":35}},"branchMap":{"0":{"loc":{"start":{"line":27,"column":4},"end":{"line":32,"column":5}},"type":"if","locations":[{"start":{"line":27,"column":4},"end":{"line":32,"column":5}},{"start":{"line":27,"column":4},"end":{"line":32,"column":5}}],"line":27},"1":{"loc":{"start":{"line":27,"column":8},"end":{"line":27,"column":39}},"type":"binary-expr","locations":[{"start":{"line":27,"column":8},"end":{"line":27,"column":20}},{"start":{"line":27,"column":24},"end":{"line":27,"column":39}}],"line":27},"2":{"loc":{"start":{"line":30,"column":11},"end":{"line":32,"column":5}},"type":"if","locations":[{"start":{"line":30,"column":11},"end":{"line":32,"column":5}},{"start":{"line":30,"column":11},"end":{"line":32,"column":5}}],"line":30},"3":{"loc":{"start":{"line":55,"column":11},"end":{"line":57,"column":11}},"type":"binary-expr","locations":[{"start":{"line":55,"column":11},"end":{"line":55,"column":22}},{"start":{"line":56,"column":12},"end":{"line":56,"column":75}}],"line":55}},"s":{"0":0,"1":0,"2":0,"3":0,"4":0,"5":0,"6":0,"7":0,"8":0,"9":0,"10":0,"11":0,"12":0,"13":0,"14":0,"15":0,"16":0,"17":0,"18":0},"f":{"0":0,"1":0,"2":0,"3":0},"b":{"0":[0,0],"1":[0,0],"2":[0,0],"3":[0,0]},"_coverageSchema":"43e27e138ebf9cfc5966b082cf9a028302ed4184","hash":"bc0b3d5dee481bcc8f98d182c05e8a6c7b66ceeb"}
,"D:\\myProjects\\learningEnglishWordsApp\\src\\components\\NewTagPopup\\style.js": {"path":"D:\\myProjects\\learningEnglishWordsApp\\src\\components\\NewTagPopup\\style.js","statementMap":{"0":{"start":{"line":3,"column":15},"end":{"line":66,"column":2}}},"fnMap":{},"branchMap":{},"s":{"0":1},"f":{},"b":{},"_coverageSchema":"43e27e138ebf9cfc5966b082cf9a028302ed4184","hash":"e4c972b9f5455b45fbdd52050ba127c2ae5f0ef8"}
,"D:\\myProjects\\learningEnglishWordsApp\\src\\components\\PermissionPopup\\PermissionPopup.js": {"path":"D:\\myProjects\\learningEnglishWordsApp\\src\\components\\PermissionPopup\\PermissionPopup.js","statementMap":{"0":{"start":{"line":7,"column":24},"end":{"line":33,"column":1}},"1":{"start":{"line":8,"column":18},"end":{"line":11,"column":3}},"2":{"start":{"line":9,"column":4},"end":{"line":9,"column":13}},"3":{"start":{"line":10,"column":4},"end":{"line":10,"column":13}},"4":{"start":{"line":13,"column":2},"end":{"line":32,"column":3}}},"fnMap":{"0":{"name":"(anonymous_0)","decl":{"start":{"line":7,"column":24},"end":{"line":7,"column":25}},"loc":{"start":{"line":7,"column":59},"end":{"line":33,"column":1}},"line":7},"1":{"name":"(anonymous_1)","decl":{"start":{"line":8,"column":18},"end":{"line":8,"column":19}},"loc":{"start":{"line":8,"column":24},"end":{"line":11,"column":3}},"line":8}},"branchMap":{"0":{"loc":{"start":{"line":17,"column":11},"end":{"line":17,"column":72}},"type":"cond-expr","locations":[{"start":{"line":17,"column":20},"end":{"line":17,"column":45}},{"start":{"line":17,"column":48},"end":{"line":17,"column":72}}],"line":17}},"s":{"0":1,"1":0,"2":0,"3":0,"4":0},"f":{"0":0,"1":0},"b":{"0":[0,0]},"_coverageSchema":"43e27e138ebf9cfc5966b082cf9a028302ed4184","hash":"d1aa4093fde052af8839d1543d8784067b0ad78e"}
,"D:\\myProjects\\learningEnglishWordsApp\\src\\components\\PermissionPopup\\style.js": {"path":"D:\\myProjects\\learningEnglishWordsApp\\src\\components\\PermissionPopup\\style.js","statementMap":{"0":{"start":{"line":3,"column":15},"end":{"line":55,"column":2}}},"fnMap":{},"branchMap":{},"s":{"0":1},"f":{},"b":{},"_coverageSchema":"43e27e138ebf9cfc5966b082cf9a028302ed4184","hash":"5f767fd1111b58c476cd37ba28177266251c90ec"}
,"D:\\myProjects\\learningEnglishWordsApp\\src\\components\\SearchInput\\SearchInput.js": {"path":"D:\\myProjects\\learningEnglishWordsApp\\src\\components\\SearchInput\\SearchInput.js","statementMap":{"0":{"start":{"line":7,"column":10},"end":{"line":10,"column":3}},"1":{"start":{"line":12,"column":21},"end":{"line":12,"column":62}},"2":{"start":{"line":12,"column":27},"end":{"line":12,"column":62}},"3":{"start":{"line":14,"column":20},"end":{"line":14,"column":62}},"4":{"start":{"line":14,"column":26},"end":{"line":14,"column":62}},"5":{"start":{"line":16,"column":24},"end":{"line":23,"column":3}},"6":{"start":{"line":17,"column":26},"end":{"line":17,"column":36}},"7":{"start":{"line":18,"column":29},"end":{"line":18,"column":39}},"8":{"start":{"line":20,"column":4},"end":{"line":22,"column":5}},"9":{"start":{"line":21,"column":6},"end":{"line":21,"column":53}},"10":{"start":{"line":25,"column":21},"end":{"line":30,"column":3}},"11":{"start":{"line":26,"column":26},"end":{"line":26,"column":36}},"12":{"start":{"line":28,"column":4},"end":{"line":28,"column":41}},"13":{"start":{"line":29,"column":4},"end":{"line":29,"column":44}},"14":{"start":{"line":32,"column":15},"end":{"line":37,"column":3}},"15":{"start":{"line":33,"column":26},"end":{"line":33,"column":36}},"16":{"start":{"line":35,"column":4},"end":{"line":35,"column":39}},"17":{"start":{"line":36,"column":4},"end":{"line":36,"column":16}},"18":{"start":{"line":39,"column":23},"end":{"line":45,"column":3}},"19":{"start":{"line":40,"column":28},"end":{"line":40,"column":38}},"20":{"start":{"line":42,"column":4},"end":{"line":44,"column":5}},"21":{"start":{"line":43,"column":6},"end":{"line":43,"column":23}},"22":{"start":{"line":48,"column":29},"end":{"line":48,"column":39}},"23":{"start":{"line":49,"column":40},"end":{"line":49,"column":50}},"24":{"start":{"line":51,"column":4},"end":{"line":73,"column":5}}},"fnMap":{"0":{"name":"(anonymous_0)","decl":{"start":{"line":12,"column":21},"end":{"line":12,"column":22}},"loc":{"start":{"line":12,"column":27},"end":{"line":12,"column":62}},"line":12},"1":{"name":"(anonymous_1)","decl":{"start":{"line":14,"column":20},"end":{"line":14,"column":21}},"loc":{"start":{"line":14,"column":26},"end":{"line":14,"column":62}},"line":14},"2":{"name":"(anonymous_2)","decl":{"start":{"line":16,"column":24},"end":{"line":16,"column":25}},"loc":{"start":{"line":16,"column":30},"end":{"line":23,"column":3}},"line":16},"3":{"name":"(anonymous_3)","decl":{"start":{"line":25,"column":21},"end":{"line":25,"column":22}},"loc":{"start":{"line":25,"column":31},"end":{"line":30,"column":3}},"line":25},"4":{"name":"(anonymous_4)","decl":{"start":{"line":32,"column":15},"end":{"line":32,"column":16}},"loc":{"start":{"line":32,"column":21},"end":{"line":37,"column":3}},"line":32},"5":{"name":"(anonymous_5)","decl":{"start":{"line":39,"column":23},"end":{"line":39,"column":24}},"loc":{"start":{"line":39,"column":29},"end":{"line":45,"column":3}},"line":39},"6":{"name":"(anonymous_6)","decl":{"start":{"line":47,"column":2},"end":{"line":47,"column":3}},"loc":{"start":{"line":47,"column":11},"end":{"line":74,"column":3}},"line":47}},"branchMap":{"0":{"loc":{"start":{"line":20,"column":4},"end":{"line":22,"column":5}},"type":"if","locations":[{"start":{"line":20,"column":4},"end":{"line":22,"column":5}},{"start":{"line":20,"column":4},"end":{"line":22,"column":5}}],"line":20},"1":{"loc":{"start":{"line":42,"column":4},"end":{"line":44,"column":5}},"type":"if","locations":[{"start":{"line":42,"column":4},"end":{"line":44,"column":5}},{"start":{"line":42,"column":4},"end":{"line":44,"column":5}}],"line":42},"2":{"loc":{"start":{"line":59,"column":37},"end":{"line":59,"column":69}},"type":"binary-expr","locations":[{"start":{"line":59,"column":37},"end":{"line":59,"column":46}},{"start":{"line":59,"column":50},"end":{"line":59,"column":69}}],"line":59},"3":{"loc":{"start":{"line":67,"column":9},"end":{"line":71,"column":9}},"type":"binary-expr","locations":[{"start":{"line":67,"column":9},"end":{"line":67,"column":22}},{"start":{"line":68,"column":10},"end":{"line":70,"column":28}}],"line":67}},"s":{"0":0,"1":0,"2":0,"3":0,"4":0,"5":0,"6":0,"7":0,"8":0,"9":0,"10":0,"11":0,"12":0,"13":0,"14":0,"15":0,"16":0,"17":0,"18":0,"19":0,"20":0,"21":0,"22":0,"23":0,"24":0},"f":{"0":0,"1":0,"2":0,"3":0,"4":0,"5":0,"6":0},"b":{"0":[0,0],"1":[0,0],"2":[0,0],"3":[0,0]},"_coverageSchema":"43e27e138ebf9cfc5966b082cf9a028302ed4184","hash":"1f74d08302424aff3271e87b77eefdde3164d47d"}
,"D:\\myProjects\\learningEnglishWordsApp\\src\\components\\SearchInput\\style.js": {"path":"D:\\myProjects\\learningEnglishWordsApp\\src\\components\\SearchInput\\style.js","statementMap":{"0":{"start":{"line":3,"column":15},"end":{"line":23,"column":2}}},"fnMap":{},"branchMap":{},"s":{"0":1},"f":{},"b":{},"_coverageSchema":"43e27e138ebf9cfc5966b082cf9a028302ed4184","hash":"0e787ad1c9e6f26e287ac14e53fab8a9ee3e7b99"}
,"D:\\myProjects\\learningEnglishWordsApp\\src\\components\\TagCard\\TagCard.js": {"path":"D:\\myProjects\\learningEnglishWordsApp\\src\\components\\TagCard\\TagCard.js","statementMap":{"0":{"start":{"line":6,"column":16},"end":{"line":29,"column":1}},"1":{"start":{"line":7,"column":22},"end":{"line":9,"column":3}},"2":{"start":{"line":8,"column":4},"end":{"line":8,"column":19}},"3":{"start":{"line":11,"column":18},"end":{"line":13,"column":3}},"4":{"start":{"line":12,"column":4},"end":{"line":12,"column":16}},"5":{"start":{"line":15,"column":2},"end":{"line":28,"column":3}}},"fnMap":{"0":{"name":"(anonymous_0)","decl":{"start":{"line":6,"column":16},"end":{"line":6,"column":17}},"loc":{"start":{"line":6,"column":63},"end":{"line":29,"column":1}},"line":6},"1":{"name":"(anonymous_1)","decl":{"start":{"line":7,"column":22},"end":{"line":7,"column":23}},"loc":{"start":{"line":7,"column":28},"end":{"line":9,"column":3}},"line":7},"2":{"name":"(anonymous_2)","decl":{"start":{"line":11,"column":18},"end":{"line":11,"column":19}},"loc":{"start":{"line":11,"column":24},"end":{"line":13,"column":3}},"line":11}},"branchMap":{"0":{"loc":{"start":{"line":18,"column":32},"end":{"line":18,"column":63}},"type":"binary-expr","locations":[{"start":{"line":18,"column":32},"end":{"line":18,"column":43}},{"start":{"line":18,"column":47},"end":{"line":18,"column":63}}],"line":18}},"s":{"0":1,"1":0,"2":0,"3":0,"4":0,"5":0},"f":{"0":0,"1":0,"2":0},"b":{"0":[0,0]},"_coverageSchema":"43e27e138ebf9cfc5966b082cf9a028302ed4184","hash":"794c73f00f9a3445f5c96d344d89d1320beb2219"}
,"D:\\myProjects\\learningEnglishWordsApp\\src\\components\\TagCard\\style.js": {"path":"D:\\myProjects\\learningEnglishWordsApp\\src\\components\\TagCard\\style.js","statementMap":{"0":{"start":{"line":3,"column":15},"end":{"line":22,"column":2}}},"fnMap":{},"branchMap":{},"s":{"0":1},"f":{},"b":{},"_coverageSchema":"43e27e138ebf9cfc5966b082cf9a028302ed4184","hash":"036db90a35f718c408dd27cedd253e69db0fa4f6"}
,"D:\\myProjects\\learningEnglishWordsApp\\src\\components\\TagsList\\TagsList.js": {"path":"D:\\myProjects\\learningEnglishWordsApp\\src\\components\\TagsList\\TagsList.js","statementMap":{"0":{"start":{"line":9,"column":4},"end":{"line":9,"column":16}},"1":{"start":{"line":11,"column":4},"end":{"line":11,"column":57}},"2":{"start":{"line":14,"column":16},"end":{"line":25,"column":3}},"3":{"start":{"line":15,"column":35},"end":{"line":15,"column":45}},"4":{"start":{"line":17,"column":4},"end":{"line":24,"column":5}},"5":{"start":{"line":27,"column":17},"end":{"line":27,"column":31}},"6":{"start":{"line":27,"column":23},"end":{"line":27,"column":31}},"7":{"start":{"line":29,"column":18},"end":{"line":31,"column":3}},"8":{"start":{"line":29,"column":42},"end":{"line":31,"column":3}},"9":{"start":{"line":30,"column":12},"end":{"line":30,"column":71}},"10":{"start":{"line":33,"column":23},"end":{"line":35,"column":3}},"11":{"start":{"line":34,"column":4},"end":{"line":34,"column":61}},"12":{"start":{"line":37,"column":11},"end":{"line":43,"column":3}},"13":{"start":{"line":38,"column":27},"end":{"line":38,"column":37}},"14":{"start":{"line":39,"column":30},"end":{"line":39,"column":40}},"15":{"start":{"line":41,"column":4},"end":{"line":41,"column":53}},"16":{"start":{"line":42,"column":4},"end":{"line":42,"column":40}},"17":{"start":{"line":46,"column":26},"end":{"line":46,"column":36}},"18":{"start":{"line":47,"column":42},"end":{"line":47,"column":52}},"19":{"start":{"line":49,"column":25},"end":{"line":49,"column":67}},"20":{"start":{"line":51,"column":4},"end":{"line":71,"column":5}}},"fnMap":{"0":{"name":"(anonymous_0)","decl":{"start":{"line":8,"column":2},"end":{"line":8,"column":3}},"loc":{"start":{"line":8,"column":21},"end":{"line":12,"column":3}},"line":8},"1":{"name":"(anonymous_1)","decl":{"start":{"line":14,"column":16},"end":{"line":14,"column":17}},"loc":{"start":{"line":14,"column":38},"end":{"line":25,"column":3}},"line":14},"2":{"name":"(anonymous_2)","decl":{"start":{"line":27,"column":17},"end":{"line":27,"column":18}},"loc":{"start":{"line":27,"column":23},"end":{"line":27,"column":31}},"line":27},"3":{"name":"(anonymous_3)","decl":{"start":{"line":29,"column":18},"end":{"line":29,"column":19}},"loc":{"start":{"line":29,"column":42},"end":{"line":31,"column":3}},"line":29},"4":{"name":"(anonymous_4)","decl":{"start":{"line":30,"column":4},"end":{"line":30,"column":5}},"loc":{"start":{"line":30,"column":12},"end":{"line":30,"column":71}},"line":30},"5":{"name":"(anonymous_5)","decl":{"start":{"line":33,"column":23},"end":{"line":33,"column":24}},"loc":{"start":{"line":33,"column":33},"end":{"line":35,"column":3}},"line":33},"6":{"name":"(anonymous_6)","decl":{"start":{"line":37,"column":11},"end":{"line":37,"column":12}},"loc":{"start":{"line":37,"column":17},"end":{"line":43,"column":3}},"line":37},"7":{"name":"(anonymous_7)","decl":{"start":{"line":45,"column":2},"end":{"line":45,"column":3}},"loc":{"start":{"line":45,"column":11},"end":{"line":72,"column":3}},"line":45}},"branchMap":{"0":{"loc":{"start":{"line":58,"column":9},"end":{"line":63,"column":16}},"type":"cond-expr","locations":[{"start":{"line":59,"column":10},"end":{"line":62,"column":28}},{"start":{"line":63,"column":12},"end":{"line":63,"column":16}}],"line":58},"1":{"loc":{"start":{"line":58,"column":9},"end":{"line":58,"column":45}},"type":"binary-expr","locations":[{"start":{"line":58,"column":9},"end":{"line":58,"column":21}},{"start":{"line":58,"column":25},"end":{"line":58,"column":45}}],"line":58},"2":{"loc":{"start":{"line":65,"column":16},"end":{"line":65,"column":55}},"type":"cond-expr","locations":[{"start":{"line":65,"column":32},"end":{"line":65,"column":40}},{"start":{"line":65,"column":43},"end":{"line":65,"column":55}}],"line":65}},"s":{"0":0,"1":0,"2":0,"3":0,"4":0,"5":0,"6":0,"7":0,"8":0,"9":0,"10":0,"11":0,"12":0,"13":0,"14":0,"15":0,"16":0,"17":0,"18":0,"19":0,"20":0},"f":{"0":0,"1":0,"2":0,"3":0,"4":0,"5":0,"6":0,"7":0},"b":{"0":[0,0],"1":[0,0],"2":[0,0]},"_coverageSchema":"43e27e138ebf9cfc5966b082cf9a028302ed4184","hash":"b4ee197734811ed1b23bce2899d86ad18428e7f0"}
,"D:\\myProjects\\learningEnglishWordsApp\\src\\components\\TagsList\\style.js": {"path":"D:\\myProjects\\learningEnglishWordsApp\\src\\components\\TagsList\\style.js","statementMap":{"0":{"start":{"line":3,"column":15},"end":{"line":32,"column":2}}},"fnMap":{},"branchMap":{},"s":{"0":1},"f":{},"b":{},"_coverageSchema":"43e27e138ebf9cfc5966b082cf9a028302ed4184","hash":"806a0f0f3e5b171f666289879d0c80ccdfe2843b"}
,"D:\\myProjects\\learningEnglishWordsApp\\src\\components\\Tasks\\index.js": {"path":"D:\\myProjects\\learningEnglishWordsApp\\src\\components\\Tasks\\index.js","statementMap":{},"fnMap":{},"branchMap":{},"s":{},"f":{},"b":{},"_coverageSchema":"43e27e138ebf9cfc5966b082cf9a028302ed4184","hash":"c01c9ef5756c2b9ac09e7b8f5d1a02d0b402e689"}
,"D:\\myProjects\\learningEnglishWordsApp\\src\\components\\Tasks\\Task_1\\Answer.js": {"path":"D:\\myProjects\\learningEnglishWordsApp\\src\\components\\Tasks\\Task_1\\Answer.js","statementMap":{"0":{"start":{"line":8,"column":10},"end":{"line":11,"column":3}},"1":{"start":{"line":13,"column":13},"end":{"line":19,"column":3}},"2":{"start":{"line":14,"column":29},"end":{"line":14,"column":39}},"3":{"start":{"line":16,"column":4},"end":{"line":18,"column":6}},"4":{"start":{"line":17,"column":6},"end":{"line":17,"column":58}},"5":{"start":{"line":17,"column":23},"end":{"line":17,"column":43}},"6":{"start":{"line":21,"column":10},"end":{"line":32,"column":3}},"7":{"start":{"line":22,"column":31},"end":{"line":22,"column":41}},"8":{"start":{"line":24,"column":4},"end":{"line":29,"column":6}},"9":{"start":{"line":31,"column":4},"end":{"line":31,"column":38}},"10":{"start":{"line":35,"column":31},"end":{"line":35,"column":41}},"11":{"start":{"line":36,"column":37},"end":{"line":36,"column":47}},"12":{"start":{"line":38,"column":4},"end":{"line":45,"column":5}}},"fnMap":{"0":{"name":"(anonymous_0)","decl":{"start":{"line":13,"column":13},"end":{"line":13,"column":14}},"loc":{"start":{"line":13,"column":26},"end":{"line":19,"column":3}},"line":13},"1":{"name":"(anonymous_1)","decl":{"start":{"line":16,"column":23},"end":{"line":16,"column":24}},"loc":{"start":{"line":16,"column":29},"end":{"line":18,"column":5}},"line":16},"2":{"name":"(anonymous_2)","decl":{"start":{"line":17,"column":17},"end":{"line":17,"column":18}},"loc":{"start":{"line":17,"column":23},"end":{"line":17,"column":43}},"line":17},"3":{"name":"(anonymous_3)","decl":{"start":{"line":21,"column":10},"end":{"line":21,"column":11}},"loc":{"start":{"line":21,"column":22},"end":{"line":32,"column":3}},"line":21},"4":{"name":"(anonymous_4)","decl":{"start":{"line":34,"column":2},"end":{"line":34,"column":3}},"loc":{"start":{"line":34,"column":11},"end":{"line":46,"column":3}},"line":34}},"branchMap":{"0":{"loc":{"start":{"line":25,"column":16},"end":{"line":27,"column":54}},"type":"cond-expr","locations":[{"start":{"line":26,"column":10},"end":{"line":26,"column":41}},{"start":{"line":27,"column":10},"end":{"line":27,"column":54}}],"line":25}},"s":{"0":0,"1":0,"2":0,"3":0,"4":0,"5":0,"6":0,"7":0,"8":0,"9":0,"10":0,"11":0,"12":0},"f":{"0":0,"1":0,"2":0,"3":0,"4":0},"b":{"0":[0,0]},"_coverageSchema":"43e27e138ebf9cfc5966b082cf9a028302ed4184","hash":"847afb81cc2913cf48c3a98a30d2b8556245a12b"}
,"D:\\myProjects\\learningEnglishWordsApp\\src\\components\\Tasks\\Task_1\\Connector.js": {"path":"D:\\myProjects\\learningEnglishWordsApp\\src\\components\\Tasks\\Task_1\\Connector.js","statementMap":{"0":{"start":{"line":11,"column":4},"end":{"line":11,"column":16}},"1":{"start":{"line":12,"column":31},"end":{"line":12,"column":41}},"2":{"start":{"line":14,"column":4},"end":{"line":14,"column":50}},"3":{"start":{"line":17,"column":16},"end":{"line":29,"column":3}},"4":{"start":{"line":18,"column":28},"end":{"line":18,"column":38}},"5":{"start":{"line":19,"column":31},"end":{"line":19,"column":41}},"6":{"start":{"line":21,"column":4},"end":{"line":28,"column":5}},"7":{"start":{"line":22,"column":6},"end":{"line":22,"column":22}},"8":{"start":{"line":23,"column":11},"end":{"line":28,"column":5}},"9":{"start":{"line":24,"column":6},"end":{"line":24,"column":23}},"10":{"start":{"line":25,"column":6},"end":{"line":25,"column":45}},"11":{"start":{"line":26,"column":11},"end":{"line":28,"column":5}},"12":{"start":{"line":27,"column":6},"end":{"line":27,"column":46}},"13":{"start":{"line":31,"column":27},"end":{"line":38,"column":4}},"14":{"start":{"line":31,"column":53},"end":{"line":38,"column":4}},"15":{"start":{"line":32,"column":4},"end":{"line":37,"column":6}},"16":{"start":{"line":46,"column":8},"end":{"line":46,"column":18}},"17":{"start":{"line":48,"column":4},"end":{"line":67,"column":5}}},"fnMap":{"0":{"name":"(anonymous_0)","decl":{"start":{"line":10,"column":2},"end":{"line":10,"column":3}},"loc":{"start":{"line":10,"column":21},"end":{"line":15,"column":3}},"line":10},"1":{"name":"(anonymous_1)","decl":{"start":{"line":17,"column":16},"end":{"line":17,"column":17}},"loc":{"start":{"line":17,"column":28},"end":{"line":29,"column":3}},"line":17},"2":{"name":"(anonymous_2)","decl":{"start":{"line":31,"column":27},"end":{"line":31,"column":28}},"loc":{"start":{"line":31,"column":53},"end":{"line":38,"column":4}},"line":31},"3":{"name":"(anonymous_3)","decl":{"start":{"line":31,"column":65},"end":{"line":31,"column":66}},"loc":{"start":{"line":32,"column":4},"end":{"line":37,"column":6}},"line":32},"4":{"name":"(anonymous_4)","decl":{"start":{"line":40,"column":2},"end":{"line":40,"column":3}},"loc":{"start":{"line":40,"column":11},"end":{"line":68,"column":3}},"line":40}},"branchMap":{"0":{"loc":{"start":{"line":21,"column":4},"end":{"line":28,"column":5}},"type":"if","locations":[{"start":{"line":21,"column":4},"end":{"line":28,"column":5}},{"start":{"line":21,"column":4},"end":{"line":28,"column":5}}],"line":21},"1":{"loc":{"start":{"line":21,"column":8},"end":{"line":21,"column":31}},"type":"binary-expr","locations":[{"start":{"line":21,"column":8},"end":{"line":21,"column":14}},{"start":{"line":21,"column":18},"end":{"line":21,"column":31}}],"line":21},"2":{"loc":{"start":{"line":23,"column":11},"end":{"line":28,"column":5}},"type":"if","locations":[{"start":{"line":23,"column":11},"end":{"line":28,"column":5}},{"start":{"line":23,"column":11},"end":{"line":28,"column":5}}],"line":23},"3":{"loc":{"start":{"line":23,"column":15},"end":{"line":23,"column":39}},"type":"binary-expr","locations":[{"start":{"line":23,"column":15},"end":{"line":23,"column":21}},{"start":{"line":23,"column":25},"end":{"line":23,"column":39}}],"line":23},"4":{"loc":{"start":{"line":26,"column":11},"end":{"line":28,"column":5}},"type":"if","locations":[{"start":{"line":26,"column":11},"end":{"line":28,"column":5}},{"start":{"line":26,"column":11},"end":{"line":28,"column":5}}],"line":26}},"s":{"0":0,"1":0,"2":0,"3":0,"4":0,"5":0,"6":0,"7":0,"8":0,"9":0,"10":0,"11":0,"12":0,"13":0,"14":0,"15":0,"16":0,"17":0},"f":{"0":0,"1":0,"2":0,"3":0,"4":0},"b":{"0":[0,0],"1":[0,0],"2":[0,0],"3":[0,0],"4":[0,0]},"_coverageSchema":"43e27e138ebf9cfc5966b082cf9a028302ed4184","hash":"a4785d6fb1d4921e831a76b7b0b9a056a0314162"}
,"D:\\myProjects\\learningEnglishWordsApp\\src\\components\\Tasks\\Task_1\\FindTranslation.js": {"path":"D:\\myProjects\\learningEnglishWordsApp\\src\\components\\Tasks\\Task_1\\FindTranslation.js","statementMap":{"0":{"start":{"line":9,"column":10},"end":{"line":13,"column":3}},"1":{"start":{"line":15,"column":15},"end":{"line":30,"column":3}},"2":{"start":{"line":16,"column":30},"end":{"line":16,"column":40}},"3":{"start":{"line":17,"column":29},"end":{"line":17,"column":39}},"4":{"start":{"line":19,"column":4},"end":{"line":29,"column":5}},"5":{"start":{"line":20,"column":6},"end":{"line":23,"column":9}},"6":{"start":{"line":20,"column":34},"end":{"line":23,"column":7}},"7":{"start":{"line":25,"column":6},"end":{"line":28,"column":9}},"8":{"start":{"line":25,"column":34},"end":{"line":28,"column":7}},"9":{"start":{"line":33,"column":51},"end":{"line":33,"column":61}},"10":{"start":{"line":34,"column":57},"end":{"line":34,"column":67}},"11":{"start":{"line":36,"column":28},"end":{"line":39,"column":5}},"12":{"start":{"line":41,"column":4},"end":{"line":55,"column":5}}},"fnMap":{"0":{"name":"(anonymous_0)","decl":{"start":{"line":15,"column":15},"end":{"line":15,"column":16}},"loc":{"start":{"line":15,"column":36},"end":{"line":30,"column":3}},"line":15},"1":{"name":"(anonymous_1)","decl":{"start":{"line":20,"column":20},"end":{"line":20,"column":21}},"loc":{"start":{"line":20,"column":34},"end":{"line":23,"column":7}},"line":20},"2":{"name":"(anonymous_2)","decl":{"start":{"line":25,"column":20},"end":{"line":25,"column":21}},"loc":{"start":{"line":25,"column":34},"end":{"line":28,"column":7}},"line":25},"3":{"name":"(anonymous_3)","decl":{"start":{"line":32,"column":2},"end":{"line":32,"column":3}},"loc":{"start":{"line":32,"column":11},"end":{"line":56,"column":3}},"line":32}},"branchMap":{"0":{"loc":{"start":{"line":19,"column":4},"end":{"line":29,"column":5}},"type":"if","locations":[{"start":{"line":19,"column":4},"end":{"line":29,"column":5}},{"start":{"line":19,"column":4},"end":{"line":29,"column":5}}],"line":19},"1":{"loc":{"start":{"line":51,"column":9},"end":{"line":53,"column":9}},"type":"binary-expr","locations":[{"start":{"line":51,"column":9},"end":{"line":51,"column":20}},{"start":{"line":52,"column":10},"end":{"line":52,"column":70}}],"line":51}},"s":{"0":0,"1":0,"2":0,"3":0,"4":0,"5":0,"6":0,"7":0,"8":0,"9":0,"10":0,"11":0,"12":0},"f":{"0":0,"1":0,"2":0,"3":0},"b":{"0":[0,0],"1":[0,0]},"_coverageSchema":"43e27e138ebf9cfc5966b082cf9a028302ed4184","hash":"29022639b637d0fb1eabf6afc9addca890b7522d"}
,"D:\\myProjects\\learningEnglishWordsApp\\src\\components\\Tasks\\Task_1\\ProgressBar.js": {"path":"D:\\myProjects\\learningEnglishWordsApp\\src\\components\\Tasks\\Task_1\\ProgressBar.js","statementMap":{"0":{"start":{"line":8,"column":4},"end":{"line":8,"column":16}},"1":{"start":{"line":9,"column":28},"end":{"line":9,"column":38}},"2":{"start":{"line":11,"column":4},"end":{"line":11,"column":62}},"3":{"start":{"line":14,"column":26},"end":{"line":26,"column":3}},"4":{"start":{"line":15,"column":27},"end":{"line":15,"column":37}},"5":{"start":{"line":17,"column":4},"end":{"line":25,"column":6}},"6":{"start":{"line":18,"column":6},"end":{"line":24,"column":8}},"7":{"start":{"line":28,"column":17},"end":{"line":37,"column":3}},"8":{"start":{"line":29,"column":28},"end":{"line":29,"column":38}},"9":{"start":{"line":30,"column":27},"end":{"line":30,"column":37}},"10":{"start":{"line":32,"column":25},"end":{"line":32,"column":68}},"11":{"start":{"line":34,"column":4},"end":{"line":36,"column":5}},"12":{"start":{"line":35,"column":6},"end":{"line":35,"column":49}},"13":{"start":{"line":40,"column":32},"end":{"line":40,"column":42}},"14":{"start":{"line":42,"column":4},"end":{"line":46,"column":5}},"15":{"start":{"line":50,"column":15},"end":{"line":69,"column":2}}},"fnMap":{"0":{"name":"(anonymous_0)","decl":{"start":{"line":7,"column":2},"end":{"line":7,"column":3}},"loc":{"start":{"line":7,"column":21},"end":{"line":12,"column":3}},"line":7},"1":{"name":"(anonymous_1)","decl":{"start":{"line":14,"column":26},"end":{"line":14,"column":27}},"loc":{"start":{"line":14,"column":41},"end":{"line":26,"column":3}},"line":14},"2":{"name":"(anonymous_2)","decl":{"start":{"line":17,"column":25},"end":{"line":17,"column":26}},"loc":{"start":{"line":18,"column":6},"end":{"line":24,"column":8}},"line":18},"3":{"name":"(anonymous_3)","decl":{"start":{"line":28,"column":17},"end":{"line":28,"column":18}},"loc":{"start":{"line":28,"column":28},"end":{"line":37,"column":3}},"line":28},"4":{"name":"(anonymous_4)","decl":{"start":{"line":39,"column":2},"end":{"line":39,"column":3}},"loc":{"start":{"line":39,"column":11},"end":{"line":47,"column":3}},"line":39}},"branchMap":{"0":{"loc":{"start":{"line":21,"column":10},"end":{"line":21,"column":67}},"type":"cond-expr","locations":[{"start":{"line":21,"column":22},"end":{"line":21,"column":43}},{"start":{"line":21,"column":46},"end":{"line":21,"column":67}}],"line":21},"1":{"loc":{"start":{"line":34,"column":4},"end":{"line":36,"column":5}},"type":"if","locations":[{"start":{"line":34,"column":4},"end":{"line":36,"column":5}},{"start":{"line":34,"column":4},"end":{"line":36,"column":5}}],"line":34}},"s":{"0":0,"1":0,"2":0,"3":0,"4":0,"5":0,"6":0,"7":0,"8":0,"9":0,"10":0,"11":0,"12":0,"13":0,"14":0,"15":1},"f":{"0":0,"1":0,"2":0,"3":0,"4":0},"b":{"0":[0,0],"1":[0,0]},"_coverageSchema":"43e27e138ebf9cfc5966b082cf9a028302ed4184","hash":"09f404a6b07b725e15878869af971efc9e5971e3"}
,"D:\\myProjects\\learningEnglishWordsApp\\src\\components\\Tasks\\Task_1\\ResultPopup.js": {"path":"D:\\myProjects\\learningEnglishWordsApp\\src\\components\\Tasks\\Task_1\\ResultPopup.js","statementMap":{"0":{"start":{"line":5,"column":20},"end":{"line":36,"column":1}},"1":{"start":{"line":6,"column":23},"end":{"line":11,"column":7}},"2":{"start":{"line":7,"column":4},"end":{"line":9,"column":5}},"3":{"start":{"line":8,"column":6},"end":{"line":8,"column":20}},"4":{"start":{"line":10,"column":4},"end":{"line":10,"column":14}},"5":{"start":{"line":13,"column":23},"end":{"line":13,"column":51}},"6":{"start":{"line":15,"column":21},"end":{"line":17,"column":35}},"7":{"start":{"line":16,"column":4},"end":{"line":16,"column":42}},"8":{"start":{"line":19,"column":2},"end":{"line":35,"column":3}},"9":{"start":{"line":38,"column":15},"end":{"line":86,"column":2}}},"fnMap":{"0":{"name":"(anonymous_0)","decl":{"start":{"line":5,"column":20},"end":{"line":5,"column":21}},"loc":{"start":{"line":5,"column":48},"end":{"line":36,"column":1}},"line":5},"1":{"name":"(anonymous_1)","decl":{"start":{"line":6,"column":37},"end":{"line":6,"column":38}},"loc":{"start":{"line":6,"column":52},"end":{"line":11,"column":3}},"line":6},"2":{"name":"(anonymous_2)","decl":{"start":{"line":15,"column":33},"end":{"line":15,"column":34}},"loc":{"start":{"line":15,"column":39},"end":{"line":17,"column":3}},"line":15}},"branchMap":{"0":{"loc":{"start":{"line":7,"column":4},"end":{"line":9,"column":5}},"type":"if","locations":[{"start":{"line":7,"column":4},"end":{"line":9,"column":5}},{"start":{"line":7,"column":4},"end":{"line":9,"column":5}}],"line":7}},"s":{"0":1,"1":0,"2":0,"3":0,"4":0,"5":0,"6":0,"7":0,"8":0,"9":1},"f":{"0":0,"1":0,"2":0},"b":{"0":[0,0]},"_coverageSchema":"43e27e138ebf9cfc5966b082cf9a028302ed4184","hash":"c95f13a9823ef257edbc72ee98efcbd88c1d02b3"}
,"D:\\myProjects\\learningEnglishWordsApp\\src\\components\\Tasks\\Task_1\\style.js": {"path":"D:\\myProjects\\learningEnglishWordsApp\\src\\components\\Tasks\\Task_1\\style.js","statementMap":{"0":{"start":{"line":3,"column":15},"end":{"line":50,"column":2}}},"fnMap":{},"branchMap":{},"s":{"0":1},"f":{},"b":{},"_coverageSchema":"43e27e138ebf9cfc5966b082cf9a028302ed4184","hash":"6d754a46f00c248ee4cd12797cc575c09acee0fe"}
,"D:\\myProjects\\learningEnglishWordsApp\\src\\components\\Tasks\\Task_2\\FindUsingTranslation.js": {"path":"D:\\myProjects\\learningEnglishWordsApp\\src\\components\\Tasks\\Task_2\\FindUsingTranslation.js","statementMap":{"0":{"start":{"line":6,"column":10},"end":{"line":6,"column":12}},"1":{"start":{"line":9,"column":4},"end":{"line":13,"column":5}}},"fnMap":{"0":{"name":"(anonymous_0)","decl":{"start":{"line":8,"column":2},"end":{"line":8,"column":3}},"loc":{"start":{"line":8,"column":11},"end":{"line":14,"column":3}},"line":8}},"branchMap":{},"s":{"0":0,"1":0},"f":{"0":0},"b":{},"_coverageSchema":"43e27e138ebf9cfc5966b082cf9a028302ed4184","hash":"ec76c1c45696abf8c68e688f3f72a1308bdd271b"}
,"D:\\myProjects\\learningEnglishWordsApp\\src\\components\\Tasks\\Task_2\\style.js": {"path":"D:\\myProjects\\learningEnglishWordsApp\\src\\components\\Tasks\\Task_2\\style.js","statementMap":{"0":{"start":{"line":3,"column":15},"end":{"line":14,"column":2}}},"fnMap":{},"branchMap":{},"s":{"0":1},"f":{},"b":{},"_coverageSchema":"43e27e138ebf9cfc5966b082cf9a028302ed4184","hash":"4293c1b2b24610021f6bf8f83461bc47594deb33"}
,"D:\\myProjects\\learningEnglishWordsApp\\src\\components\\Tasks\\Task_3\\FindUsingImage.js": {"path":"D:\\myProjects\\learningEnglishWordsApp\\src\\components\\Tasks\\Task_3\\FindUsingImage.js","statementMap":{"0":{"start":{"line":6,"column":10},"end":{"line":6,"column":12}},"1":{"start":{"line":9,"column":4},"end":{"line":13,"column":5}}},"fnMap":{"0":{"name":"(anonymous_0)","decl":{"start":{"line":8,"column":2},"end":{"line":8,"column":3}},"loc":{"start":{"line":8,"column":11},"end":{"line":14,"column":3}},"line":8}},"branchMap":{},"s":{"0":0,"1":0},"f":{"0":0},"b":{},"_coverageSchema":"43e27e138ebf9cfc5966b082cf9a028302ed4184","hash":"70f05c4d7c4b2bbd45c943aa8ed3c625038824b8"}
,"D:\\myProjects\\learningEnglishWordsApp\\src\\components\\Tasks\\Task_3\\style.js": {"path":"D:\\myProjects\\learningEnglishWordsApp\\src\\components\\Tasks\\Task_3\\style.js","statementMap":{"0":{"start":{"line":3,"column":15},"end":{"line":14,"column":2}}},"fnMap":{},"branchMap":{},"s":{"0":1},"f":{},"b":{},"_coverageSchema":"43e27e138ebf9cfc5966b082cf9a028302ed4184","hash":"63bcdc3dbde87602e3b103914ca96cf3d2751e87"}
,"D:\\myProjects\\learningEnglishWordsApp\\src\\components\\TouchableButton\\TouchableButton.js": {"path":"D:\\myProjects\\learningEnglishWordsApp\\src\\components\\TouchableButton\\TouchableButton.js","statementMap":{"0":{"start":{"line":4,"column":24},"end":{"line":8,"column":1}},"1":{"start":{"line":5,"column":2},"end":{"line":7,"column":21}}},"fnMap":{"0":{"name":"(anonymous_0)","decl":{"start":{"line":4,"column":24},"end":{"line":4,"column":25}},"loc":{"start":{"line":5,"column":2},"end":{"line":7,"column":21}},"line":5}},"branchMap":{},"s":{"0":1,"1":0},"f":{"0":0},"b":{},"_coverageSchema":"43e27e138ebf9cfc5966b082cf9a028302ed4184","hash":"9c81e76ad669cda06409601cba6ec00cc8015153"}
,"D:\\myProjects\\learningEnglishWordsApp\\src\\components\\WordCard\\WordCard.js": {"path":"D:\\myProjects\\learningEnglishWordsApp\\src\\components\\WordCard\\WordCard.js","statementMap":{"0":{"start":{"line":7,"column":17},"end":{"line":34,"column":1}},"1":{"start":{"line":13,"column":22},"end":{"line":15,"column":16}},"2":{"start":{"line":14,"column":4},"end":{"line":14,"column":25}},"3":{"start":{"line":17,"column":2},"end":{"line":33,"column":3}}},"fnMap":{"0":{"name":"(anonymous_0)","decl":{"start":{"line":7,"column":17},"end":{"line":7,"column":18}},"loc":{"start":{"line":12,"column":6},"end":{"line":34,"column":1}},"line":12},"1":{"name":"(anonymous_1)","decl":{"start":{"line":13,"column":34},"end":{"line":13,"column":35}},"loc":{"start":{"line":13,"column":40},"end":{"line":15,"column":3}},"line":13}},"branchMap":{"0":{"loc":{"start":{"line":20,"column":36},"end":{"line":20,"column":72}},"type":"binary-expr","locations":[{"start":{"line":20,"column":36},"end":{"line":20,"column":47}},{"start":{"line":20,"column":51},"end":{"line":20,"column":72}}],"line":20}},"s":{"0":1,"1":0,"2":0,"3":0},"f":{"0":0,"1":0},"b":{"0":[0,0]},"_coverageSchema":"43e27e138ebf9cfc5966b082cf9a028302ed4184","hash":"d10ec33904aedb76df9ed24c9cee48f7bae62901"}
,"D:\\myProjects\\learningEnglishWordsApp\\src\\components\\WordCard\\style.js": {"path":"D:\\myProjects\\learningEnglishWordsApp\\src\\components\\WordCard\\style.js","statementMap":{"0":{"start":{"line":3,"column":15},"end":{"line":47,"column":2}}},"fnMap":{},"branchMap":{},"s":{"0":1},"f":{},"b":{},"_coverageSchema":"43e27e138ebf9cfc5966b082cf9a028302ed4184","hash":"d294dfd75d7616faf4903893fe641b3afdcaf6ad"}
,"D:\\myProjects\\learningEnglishWordsApp\\src\\components\\WordsList\\WordsList.js": {"path":"D:\\myProjects\\learningEnglishWordsApp\\src\\components\\WordsList\\WordsList.js","statementMap":{"0":{"start":{"line":10,"column":4},"end":{"line":10,"column":16}},"1":{"start":{"line":11,"column":27},"end":{"line":11,"column":37}},"2":{"start":{"line":13,"column":4},"end":{"line":13,"column":38}},"3":{"start":{"line":15,"column":4},"end":{"line":15,"column":37}},"4":{"start":{"line":18,"column":16},"end":{"line":34,"column":3}},"5":{"start":{"line":19,"column":60},"end":{"line":19,"column":70}},"6":{"start":{"line":21,"column":30},"end":{"line":24,"column":5}},"7":{"start":{"line":22,"column":22},"end":{"line":22,"column":47}},"8":{"start":{"line":22,"column":28},"end":{"line":22,"column":47}},"9":{"start":{"line":23,"column":6},"end":{"line":23,"column":28}},"10":{"start":{"line":26,"column":4},"end":{"line":33,"column":5}},"11":{"start":{"line":36,"column":17},"end":{"line":36,"column":31}},"12":{"start":{"line":36,"column":23},"end":{"line":36,"column":31}},"13":{"start":{"line":38,"column":23},"end":{"line":40,"column":3}},"14":{"start":{"line":39,"column":4},"end":{"line":39,"column":42}},"15":{"start":{"line":42,"column":12},"end":{"line":47,"column":3}},"16":{"start":{"line":43,"column":28},"end":{"line":43,"column":38}},"17":{"start":{"line":44,"column":30},"end":{"line":44,"column":40}},"18":{"start":{"line":46,"column":4},"end":{"line":46,"column":28}},"19":{"start":{"line":50,"column":27},"end":{"line":50,"column":37}},"20":{"start":{"line":51,"column":30},"end":{"line":51,"column":40}},"21":{"start":{"line":53,"column":29},"end":{"line":53,"column":59}},"22":{"start":{"line":55,"column":4},"end":{"line":74,"column":5}}},"fnMap":{"0":{"name":"(anonymous_0)","decl":{"start":{"line":9,"column":2},"end":{"line":9,"column":3}},"loc":{"start":{"line":9,"column":21},"end":{"line":16,"column":3}},"line":9},"1":{"name":"(anonymous_1)","decl":{"start":{"line":18,"column":16},"end":{"line":18,"column":17}},"loc":{"start":{"line":18,"column":38},"end":{"line":34,"column":3}},"line":18},"2":{"name":"(anonymous_2)","decl":{"start":{"line":21,"column":30},"end":{"line":21,"column":31}},"loc":{"start":{"line":21,"column":36},"end":{"line":24,"column":5}},"line":21},"3":{"name":"(anonymous_3)","decl":{"start":{"line":22,"column":22},"end":{"line":22,"column":23}},"loc":{"start":{"line":22,"column":28},"end":{"line":22,"column":47}},"line":22},"4":{"name":"(anonymous_4)","decl":{"start":{"line":36,"column":17},"end":{"line":36,"column":18}},"loc":{"start":{"line":36,"column":23},"end":{"line":36,"column":31}},"line":36},"5":{"name":"(anonymous_5)","decl":{"start":{"line":38,"column":23},"end":{"line":38,"column":24}},"loc":{"start":{"line":38,"column":33},"end":{"line":40,"column":3}},"line":38},"6":{"name":"(anonymous_6)","decl":{"start":{"line":42,"column":12},"end":{"line":42,"column":13}},"loc":{"start":{"line":42,"column":18},"end":{"line":47,"column":3}},"line":42},"7":{"name":"(anonymous_7)","decl":{"start":{"line":49,"column":2},"end":{"line":49,"column":3}},"loc":{"start":{"line":49,"column":11},"end":{"line":75,"column":3}},"line":49}},"branchMap":{"0":{"loc":{"start":{"line":61,"column":9},"end":{"line":66,"column":16}},"type":"cond-expr","locations":[{"start":{"line":62,"column":10},"end":{"line":65,"column":28}},{"start":{"line":66,"column":12},"end":{"line":66,"column":16}}],"line":61},"1":{"loc":{"start":{"line":61,"column":9},"end":{"line":61,"column":49}},"type":"binary-expr","locations":[{"start":{"line":61,"column":9},"end":{"line":61,"column":21}},{"start":{"line":61,"column":25},"end":{"line":61,"column":49}}],"line":61},"2":{"loc":{"start":{"line":68,"column":16},"end":{"line":68,"column":60}},"type":"cond-expr","locations":[{"start":{"line":68,"column":32},"end":{"line":68,"column":41}},{"start":{"line":68,"column":44},"end":{"line":68,"column":60}}],"line":68}},"s":{"0":0,"1":0,"2":0,"3":0,"4":0,"5":0,"6":0,"7":0,"8":0,"9":0,"10":0,"11":0,"12":0,"13":0,"14":0,"15":0,"16":0,"17":0,"18":0,"19":0,"20":0,"21":0,"22":0},"f":{"0":0,"1":0,"2":0,"3":0,"4":0,"5":0,"6":0,"7":0},"b":{"0":[0,0],"1":[0,0],"2":[0,0]},"_coverageSchema":"43e27e138ebf9cfc5966b082cf9a028302ed4184","hash":"070f9664bd169bacee024289debbfafe5a850339"}
,"D:\\myProjects\\learningEnglishWordsApp\\src\\components\\WordsList\\style.js": {"path":"D:\\myProjects\\learningEnglishWordsApp\\src\\components\\WordsList\\style.js","statementMap":{"0":{"start":{"line":3,"column":15},"end":{"line":33,"column":2}}},"fnMap":{},"branchMap":{},"s":{"0":1},"f":{},"b":{},"_coverageSchema":"43e27e138ebf9cfc5966b082cf9a028302ed4184","hash":"cfaa1b52cb47a9f49c6350d89d7d0791ed8bf2a7"}
,"D:\\myProjects\\learningEnglishWordsApp\\src\\constants\\actionTypes.js": {"path":"D:\\myProjects\\learningEnglishWordsApp\\src\\constants\\actionTypes.js","statementMap":{"0":{"start":{"line":1,"column":20},"end":{"line":1,"column":33}},"1":{"start":{"line":2,"column":18},"end":{"line":2,"column":29}},"2":{"start":{"line":3,"column":16},"end":{"line":3,"column":25}},"3":{"start":{"line":4,"column":17},"end":{"line":4,"column":27}},"4":{"start":{"line":5,"column":24},"end":{"line":5,"column":41}},"5":{"start":{"line":6,"column":19},"end":{"line":6,"column":31}},"6":{"start":{"line":7,"column":26},"end":{"line":7,"column":45}},"7":{"start":{"line":8,"column":21},"end":{"line":8,"column":35}},"8":{"start":{"line":9,"column":20},"end":{"line":9,"column":33}}},"fnMap":{},"branchMap":{},"s":{"0":1,"1":1,"2":1,"3":1,"4":1,"5":1,"6":1,"7":1,"8":1},"f":{},"b":{},"_coverageSchema":"43e27e138ebf9cfc5966b082cf9a028302ed4184","hash":"a112171fd92e8b7674868581bd67cc468f0644bc"}
,"D:\\myProjects\\learningEnglishWordsApp\\src\\constants\\fakeData.js": {"path":"D:\\myProjects\\learningEnglishWordsApp\\src\\constants\\fakeData.js","statementMap":{"0":{"start":{"line":1,"column":27},"end":{"line":17,"column":1}},"1":{"start":{"line":19,"column":24},"end":{"line":150,"column":1}}},"fnMap":{},"branchMap":{},"s":{"0":1,"1":1},"f":{},"b":{},"_coverageSchema":"43e27e138ebf9cfc5966b082cf9a028302ed4184","hash":"7cca0fd2f3de535d100c2f40c0e4e37ffcc17e6a"}
,"D:\\myProjects\\learningEnglishWordsApp\\src\\constants\\index.js": {"path":"D:\\myProjects\\learningEnglishWordsApp\\src\\constants\\index.js","statementMap":{},"fnMap":{},"branchMap":{},"s":{},"f":{},"b":{},"_coverageSchema":"43e27e138ebf9cfc5966b082cf9a028302ed4184","hash":"d831d0bbdbc8227ed345354e286b586bcd2b6037"}
,"D:\\myProjects\\learningEnglishWordsApp\\src\\constants\\screensNaming.js": {"path":"D:\\myProjects\\learningEnglishWordsApp\\src\\constants\\screensNaming.js","statementMap":{"0":{"start":{"line":1,"column":33},"end":{"line":1,"column":40}},"1":{"start":{"line":2,"column":32},"end":{"line":2,"column":38}},"2":{"start":{"line":3,"column":33},"end":{"line":3,"column":40}},"3":{"start":{"line":4,"column":34},"end":{"line":4,"column":46}},"4":{"start":{"line":5,"column":31},"end":{"line":5,"column":40}},"5":{"start":{"line":6,"column":36},"end":{"line":6,"column":49}},"6":{"start":{"line":7,"column":31},"end":{"line":7,"column":40}},"7":{"start":{"line":8,"column":32},"end":{"line":8,"column":42}},"8":{"start":{"line":9,"column":31},"end":{"line":9,"column":41}},"9":{"start":{"line":10,"column":32},"end":{"line":10,"column":43}},"10":{"start":{"line":11,"column":35},"end":{"line":11,"column":48}}},"fnMap":{},"branchMap":{},"s":{"0":1,"1":1,"2":1,"3":1,"4":1,"5":1,"6":1,"7":1,"8":1,"9":1,"10":1},"f":{},"b":{},"_coverageSchema":"43e27e138ebf9cfc5966b082cf9a028302ed4184","hash":"929def2d1cff6b053ca3598c11902eaf42927e8d"}
,"D:\\myProjects\\learningEnglishWordsApp\\src\\constants\\tasks.js": {"path":"D:\\myProjects\\learningEnglishWordsApp\\src\\constants\\tasks.js","statementMap":{"0":{"start":{"line":7,"column":31},"end":{"line":11,"column":1}},"1":{"start":{"line":13,"column":25},"end":{"line":17,"column":1}}},"fnMap":{},"branchMap":{},"s":{"0":1,"1":1},"f":{},"b":{},"_coverageSchema":"43e27e138ebf9cfc5966b082cf9a028302ed4184","hash":"e96c9c9fef302645498d068e94ca39eacbbd3584"}
,"D:\\myProjects\\learningEnglishWordsApp\\src\\constants\\value.js": {"path":"D:\\myProjects\\learningEnglishWordsApp\\src\\constants\\value.js","statementMap":{"0":{"start":{"line":1,"column":26},"end":{"line":6,"column":1}},"1":{"start":{"line":8,"column":36},"end":{"line":11,"column":1}},"2":{"start":{"line":13,"column":31},"end":{"line":13,"column":34}},"3":{"start":{"line":14,"column":33},"end":{"line":14,"column":35}},"4":{"start":{"line":15,"column":30},"end":{"line":15,"column":33}},"5":{"start":{"line":16,"column":28},"end":{"line":16,"column":31}},"6":{"start":{"line":17,"column":28},"end":{"line":17,"column":50}},"7":{"start":{"line":18,"column":42},"end":{"line":21,"column":1}},"8":{"start":{"line":22,"column":31},"end":{"line":22,"column":33}},"9":{"start":{"line":24,"column":35},"end":{"line":34,"column":1}}},"fnMap":{},"branchMap":{},"s":{"0":1,"1":1,"2":1,"3":1,"4":1,"5":1,"6":1,"7":1,"8":1,"9":1},"f":{},"b":{},"_coverageSchema":"43e27e138ebf9cfc5966b082cf9a028302ed4184","hash":"f99e5797e4a743fb864d540e77311765e0536292"}
,"D:\\myProjects\\learningEnglishWordsApp\\src\\navigation\\stacks\\movementFunctions.js": {"path":"D:\\myProjects\\learningEnglishWordsApp\\src\\navigation\\stacks\\movementFunctions.js","statementMap":{"0":{"start":{"line":13,"column":22},"end":{"line":13,"column":64}},"1":{"start":{"line":13,"column":37},"end":{"line":13,"column":64}},"2":{"start":{"line":15,"column":29},"end":{"line":29,"column":2}},"3":{"start":{"line":15,"column":52},"end":{"line":29,"column":2}},"4":{"start":{"line":31,"column":26},"end":{"line":43,"column":2}},"5":{"start":{"line":31,"column":47},"end":{"line":43,"column":2}},"6":{"start":{"line":45,"column":33},"end":{"line":59,"column":2}},"7":{"start":{"line":45,"column":60},"end":{"line":59,"column":2}},"8":{"start":{"line":61,"column":27},"end":{"line":72,"column":2}},"9":{"start":{"line":61,"column":42},"end":{"line":72,"column":2}},"10":{"start":{"line":74,"column":26},"end":{"line":85,"column":2}},"11":{"start":{"line":74,"column":41},"end":{"line":85,"column":2}},"12":{"start":{"line":87,"column":24},"end":{"line":101,"column":2}},"13":{"start":{"line":87,"column":51},"end":{"line":101,"column":2}},"14":{"start":{"line":103,"column":25},"end":{"line":117,"column":2}},"15":{"start":{"line":103,"column":51},"end":{"line":117,"column":2}},"16":{"start":{"line":119,"column":28},"end":{"line":133,"column":2}},"17":{"start":{"line":119,"column":54},"end":{"line":133,"column":2}}},"fnMap":{"0":{"name":"(anonymous_0)","decl":{"start":{"line":13,"column":22},"end":{"line":13,"column":23}},"loc":{"start":{"line":13,"column":37},"end":{"line":13,"column":64}},"line":13},"1":{"name":"(anonymous_1)","decl":{"start":{"line":15,"column":29},"end":{"line":15,"column":30}},"loc":{"start":{"line":15,"column":52},"end":{"line":29,"column":2}},"line":15},"2":{"name":"(anonymous_2)","decl":{"start":{"line":31,"column":26},"end":{"line":31,"column":27}},"loc":{"start":{"line":31,"column":47},"end":{"line":43,"column":2}},"line":31},"3":{"name":"(anonymous_3)","decl":{"start":{"line":45,"column":33},"end":{"line":45,"column":34}},"loc":{"start":{"line":45,"column":60},"end":{"line":59,"column":2}},"line":45},"4":{"name":"(anonymous_4)","decl":{"start":{"line":61,"column":27},"end":{"line":61,"column":28}},"loc":{"start":{"line":61,"column":42},"end":{"line":72,"column":2}},"line":61},"5":{"name":"(anonymous_5)","decl":{"start":{"line":74,"column":26},"end":{"line":74,"column":27}},"loc":{"start":{"line":74,"column":41},"end":{"line":85,"column":2}},"line":74},"6":{"name":"(anonymous_6)","decl":{"start":{"line":87,"column":24},"end":{"line":87,"column":25}},"loc":{"start":{"line":87,"column":51},"end":{"line":101,"column":2}},"line":87},"7":{"name":"(anonymous_7)","decl":{"start":{"line":103,"column":25},"end":{"line":103,"column":26}},"loc":{"start":{"line":103,"column":51},"end":{"line":117,"column":2}},"line":103},"8":{"name":"(anonymous_8)","decl":{"start":{"line":119,"column":28},"end":{"line":119,"column":29}},"loc":{"start":{"line":119,"column":54},"end":{"line":133,"column":2}},"line":119}},"branchMap":{},"s":{"0":1,"1":0,"2":1,"3":0,"4":1,"5":0,"6":1,"7":0,"8":1,"9":0,"10":1,"11":0,"12":1,"13":0,"14":1,"15":0,"16":1,"17":0},"f":{"0":0,"1":0,"2":0,"3":0,"4":0,"5":0,"6":0,"7":0,"8":0},"b":{},"_coverageSchema":"43e27e138ebf9cfc5966b082cf9a028302ed4184","hash":"ce729d1128eaa16e5a6d897cd13b9101250575c8"}
,"D:\\myProjects\\learningEnglishWordsApp\\src\\utils\\fuse.js": {"path":"D:\\myProjects\\learningEnglishWordsApp\\src\\utils\\fuse.js","statementMap":{"0":{"start":{"line":3,"column":24},"end":{"line":3,"column":36}},"1":{"start":{"line":5,"column":21},"end":{"line":13,"column":1}},"2":{"start":{"line":15,"column":19},"end":{"line":15,"column":66}},"3":{"start":{"line":15,"column":27},"end":{"line":15,"column":66}}},"fnMap":{"0":{"name":"(anonymous_0)","decl":{"start":{"line":15,"column":19},"end":{"line":15,"column":20}},"loc":{"start":{"line":15,"column":27},"end":{"line":15,"column":66}},"line":15}},"branchMap":{},"s":{"0":1,"1":1,"2":1,"3":0},"f":{"0":0},"b":{},"_coverageSchema":"43e27e138ebf9cfc5966b082cf9a028302ed4184","hash":"32f5b68d5988c17e2926fa085ccbe9b1630bd6b3"}
,"D:\\myProjects\\learningEnglishWordsApp\\src\\utils\\index.js": {"path":"D:\\myProjects\\learningEnglishWordsApp\\src\\utils\\index.js","statementMap":{"0":{"start":{"line":9,"column":26},"end":{"line":12,"column":1}},"1":{"start":{"line":14,"column":24},"end":{"line":14,"column":83}},"2":{"start":{"line":14,"column":38},"end":{"line":14,"column":83}},"3":{"start":{"line":16,"column":30},"end":{"line":22,"column":4}},"4":{"start":{"line":16,"column":36},"end":{"line":22,"column":4}},"5":{"start":{"line":24,"column":26},"end":{"line":30,"column":1}},"6":{"start":{"line":25,"column":2},"end":{"line":27,"column":3}},"7":{"start":{"line":26,"column":4},"end":{"line":26,"column":13}},"8":{"start":{"line":29,"column":2},"end":{"line":29,"column":53}},"9":{"start":{"line":29,"column":35},"end":{"line":29,"column":52}},"10":{"start":{"line":32,"column":24},"end":{"line":32,"column":65}},"11":{"start":{"line":32,"column":29},"end":{"line":32,"column":65}},"12":{"start":{"line":34,"column":31},"end":{"line":47,"column":1}},"13":{"start":{"line":35,"column":22},"end":{"line":35,"column":24}},"14":{"start":{"line":36,"column":19},"end":{"line":36,"column":70}},"15":{"start":{"line":38,"column":2},"end":{"line":44,"column":3}},"16":{"start":{"line":39,"column":18},"end":{"line":39,"column":49}},"17":{"start":{"line":41,"column":4},"end":{"line":43,"column":5}},"18":{"start":{"line":42,"column":6},"end":{"line":42,"column":35}},"19":{"start":{"line":46,"column":2},"end":{"line":46,"column":20}},"20":{"start":{"line":49,"column":33},"end":{"line":55,"column":1}},"21":{"start":{"line":50,"column":2},"end":{"line":52,"column":3}},"22":{"start":{"line":51,"column":4},"end":{"line":51,"column":45}},"23":{"start":{"line":54,"column":2},"end":{"line":54,"column":35}},"24":{"start":{"line":57,"column":23},"end":{"line":66,"column":1}},"25":{"start":{"line":58,"column":2},"end":{"line":63,"column":3}},"26":{"start":{"line":58,"column":15},"end":{"line":58,"column":29}},"27":{"start":{"line":59,"column":14},"end":{"line":59,"column":49}},"28":{"start":{"line":60,"column":17},"end":{"line":60,"column":23}},"29":{"start":{"line":61,"column":4},"end":{"line":61,"column":19}},"30":{"start":{"line":62,"column":4},"end":{"line":62,"column":17}},"31":{"start":{"line":65,"column":2},"end":{"line":65,"column":12}},"32":{"start":{"line":68,"column":32},"end":{"line":84,"column":1}},"33":{"start":{"line":69,"column":22},"end":{"line":69,"column":42}},"34":{"start":{"line":70,"column":18},"end":{"line":73,"column":3}},"35":{"start":{"line":75,"column":23},"end":{"line":77,"column":55}},"36":{"start":{"line":76,"column":17},"end":{"line":76,"column":45}},"37":{"start":{"line":77,"column":27},"end":{"line":77,"column":54}},"38":{"start":{"line":79,"column":2},"end":{"line":83,"column":3}},"39":{"start":{"line":86,"column":44},"end":{"line":87,"column":17}},"40":{"start":{"line":86,"column":72},"end":{"line":87,"column":17}}},"fnMap":{"0":{"name":"(anonymous_0)","decl":{"start":{"line":14,"column":24},"end":{"line":14,"column":25}},"loc":{"start":{"line":14,"column":38},"end":{"line":14,"column":83}},"line":14},"1":{"name":"(anonymous_1)","decl":{"start":{"line":16,"column":30},"end":{"line":16,"column":31}},"loc":{"start":{"line":16,"column":36},"end":{"line":22,"column":4}},"line":16},"2":{"name":"(anonymous_2)","decl":{"start":{"line":24,"column":26},"end":{"line":24,"column":27}},"loc":{"start":{"line":24,"column":35},"end":{"line":30,"column":1}},"line":24},"3":{"name":"(anonymous_3)","decl":{"start":{"line":29,"column":20},"end":{"line":29,"column":21}},"loc":{"start":{"line":29,"column":35},"end":{"line":29,"column":52}},"line":29},"4":{"name":"(anonymous_4)","decl":{"start":{"line":32,"column":24},"end":{"line":32,"column":25}},"loc":{"start":{"line":32,"column":29},"end":{"line":32,"column":65}},"line":32},"5":{"name":"(anonymous_5)","decl":{"start":{"line":34,"column":31},"end":{"line":34,"column":32}},"loc":{"start":{"line":34,"column":62},"end":{"line":47,"column":1}},"line":34},"6":{"name":"(anonymous_6)","decl":{"start":{"line":49,"column":33},"end":{"line":49,"column":34}},"loc":{"start":{"line":49,"column":73},"end":{"line":55,"column":1}},"line":49},"7":{"name":"(anonymous_7)","decl":{"start":{"line":57,"column":23},"end":{"line":57,"column":24}},"loc":{"start":{"line":57,"column":37},"end":{"line":66,"column":1}},"line":57},"8":{"name":"(anonymous_8)","decl":{"start":{"line":68,"column":32},"end":{"line":68,"column":33}},"loc":{"start":{"line":68,"column":58},"end":{"line":84,"column":1}},"line":68},"9":{"name":"(anonymous_9)","decl":{"start":{"line":76,"column":9},"end":{"line":76,"column":10}},"loc":{"start":{"line":76,"column":17},"end":{"line":76,"column":45}},"line":76},"10":{"name":"(anonymous_10)","decl":{"start":{"line":77,"column":12},"end":{"line":77,"column":13}},"loc":{"start":{"line":77,"column":27},"end":{"line":77,"column":54}},"line":77},"11":{"name":"(anonymous_11)","decl":{"start":{"line":86,"column":44},"end":{"line":86,"column":45}},"loc":{"start":{"line":86,"column":72},"end":{"line":87,"column":17}},"line":86}},"branchMap":{"0":{"loc":{"start":{"line":25,"column":2},"end":{"line":27,"column":3}},"type":"if","locations":[{"start":{"line":25,"column":2},"end":{"line":27,"column":3}},{"start":{"line":25,"column":2},"end":{"line":27,"column":3}}],"line":25},"1":{"loc":{"start":{"line":25,"column":6},"end":{"line":25,"column":40}},"type":"binary-expr","locations":[{"start":{"line":25,"column":6},"end":{"line":25,"column":25}},{"start":{"line":25,"column":29},"end":{"line":25,"column":40}}],"line":25},"2":{"loc":{"start":{"line":32,"column":29},"end":{"line":32,"column":65}},"type":"binary-expr","locations":[{"start":{"line":32,"column":29},"end":{"line":32,"column":50}},{"start":{"line":32,"column":54},"end":{"line":32,"column":65}}],"line":32},"3":{"loc":{"start":{"line":34,"column":32},"end":{"line":34,"column":41}},"type":"default-arg","locations":[{"start":{"line":34,"column":39},"end":{"line":34,"column":41}}],"line":34},"4":{"loc":{"start":{"line":34,"column":43},"end":{"line":34,"column":57}},"type":"default-arg","locations":[{"start":{"line":34,"column":56},"end":{"line":34,"column":57}}],"line":34},"5":{"loc":{"start":{"line":36,"column":19},"end":{"line":36,"column":70}},"type":"cond-expr","locations":[{"start":{"line":36,"column":46},"end":{"line":36,"column":56}},{"start":{"line":36,"column":59},"end":{"line":36,"column":70}}],"line":36},"6":{"loc":{"start":{"line":41,"column":4},"end":{"line":43,"column":5}},"type":"if","locations":[{"start":{"line":41,"column":4},"end":{"line":43,"column":5}},{"start":{"line":41,"column":4},"end":{"line":43,"column":5}}],"line":41},"7":{"loc":{"start":{"line":49,"column":34},"end":{"line":49,"column":44}},"type":"default-arg","locations":[{"start":{"line":49,"column":43},"end":{"line":49,"column":44}}],"line":49},"8":{"loc":{"start":{"line":49,"column":46},"end":{"line":49,"column":60}},"type":"default-arg","locations":[{"start":{"line":49,"column":58},"end":{"line":49,"column":60}}],"line":49},"9":{"loc":{"start":{"line":50,"column":2},"end":{"line":52,"column":3}},"type":"if","locations":[{"start":{"line":50,"column":2},"end":{"line":52,"column":3}},{"start":{"line":50,"column":2},"end":{"line":52,"column":3}}],"line":50},"10":{"loc":{"start":{"line":57,"column":24},"end":{"line":57,"column":32}},"type":"default-arg","locations":[{"start":{"line":57,"column":30},"end":{"line":57,"column":32}}],"line":57},"11":{"loc":{"start":{"line":86,"column":45},"end":{"line":86,"column":54}},"type":"default-arg","locations":[{"start":{"line":86,"column":51},"end":{"line":86,"column":54}}],"line":86},"12":{"loc":{"start":{"line":86,"column":56},"end":{"line":86,"column":67}},"type":"default-arg","locations":[{"start":{"line":86,"column":66},"end":{"line":86,"column":67}}],"line":86}},"s":{"0":1,"1":1,"2":40,"3":1,"4":2,"5":1,"6":17,"7":14,"8":3,"9":3,"10":1,"11":16,"12":1,"13":8,"14":8,"15":8,"16":34,"17":34,"18":30,"19":8,"20":1,"21":5,"22":2,"23":3,"24":1,"25":6,"26":6,"27":33,"28":33,"29":33,"30":33,"31":6,"32":1,"33":2,"34":2,"35":2,"36":10,"37":10,"38":2,"39":1,"40":6},"f":{"0":40,"1":2,"2":17,"3":3,"4":16,"5":8,"6":5,"7":6,"8":2,"9":10,"10":10,"11":6},"b":{"0":[14,3],"1":[17,4],"2":[16,6],"3":[1],"4":[1],"5":[7,1],"6":[30,4],"7":[1],"8":[1],"9":[2,3],"10":[1],"11":[1],"12":[2]},"_coverageSchema":"43e27e138ebf9cfc5966b082cf9a028302ed4184","hash":"70048417ae070474e7d101a753a3376d31e22984"}
}
